[Mon Dec 26 23:19:09 2011] Ouverture du programme
[Mon Dec 26 23:20:19 2011] Fermeture du programme
[Mon Dec 26 23:47:58 2011] Ouverture du programme
[Mon Dec 26 23:49:02 2011] Ouverture du programme
[Mon Dec 26 23:49:51 2011] Fermeture du programme
[Mon Dec 26 23:50:58 2011] Ouverture du programme
[Mon Dec 26 23:51:54 2011] Fermeture du programme
[Thu Dec 29 14:57:48 2011] Ouverture du programme
[Thu Dec 29 14:58:28 2011] Fermeture du programme
[Thu Dec 29 15:00:18 2011] Ouverture du programme
[Thu Dec 29 15:00:38 2011] Fermeture du programme
[Thu Dec 29 15:03:06 2011] Ouverture du programme
[Thu Dec 29 15:04:21 2011] Fermeture du programme
[Thu Dec 29 15:05:00 2011] Ouverture du programme
[Thu Dec 29 15:05:27 2011] Ouverture du programme
[Thu Dec 29 15:07:27 2011] Fermeture du programme
[Thu Dec 29 15:08:36 2011] Ouverture du programme
[Thu Dec 29 15:08:42 2011] Fermeture du programme
[Thu Dec 29 15:09:01 2011] Ouverture du programme
[Thu Dec 29 15:10:40 2011] Fermeture du programme
[Thu Dec 29 15:11:04 2011] Ouverture du programme
[Thu Dec 29 15:11:57 2011] Fermeture du programme
[Thu Dec 29 15:20:20 2011] Ouverture du programme
[Thu Dec 29 15:24:14 2011] Fermeture du programme
[Thu Dec 29 15:28:52 2011] Ouverture du programme
[Thu Dec 29 15:29:34 2011] Fermeture du programme
[Thu Dec 29 15:29:37 2011] Ouverture du programme
[Thu Dec 29 15:29:54 2011] Fermeture du programme
[Thu Dec 29 15:30:03 2011] Ouverture du programme
[Thu Dec 29 18:41:18 2011] Ouverture du programme
[Thu Dec 29 19:56:38 2011] Ouverture du programme
[Thu Dec 29 19:59:51 2011] Ouverture du programme
[Thu Dec 29 20:00:24 2011] Ouverture du programme
[Thu Dec 29 20:01:38 2011] Ouverture du programme
[Thu Dec 29 20:01:45 2011] Ouverture du programme
[Thu Dec 29 20:03:21 2011] Ouverture du programme
[Thu Dec 29 20:03:41 2011] Ouverture du programme
[Thu Dec 29 20:06:19 2011] Ouverture du programme
[Thu Dec 29 20:09:27 2011] Ouverture du programme
[Thu Dec 29 20:10:16 2011] Ouverture du programme
[Thu Dec 29 20:10:19 2011] Fermeture du programme
[Thu Dec 29 20:10:57 2011] Ouverture du programme
[Thu Dec 29 20:11:13 2011] Ouverture du programme
[Thu Dec 29 20:12:36 2011] Ouverture du programme
[Thu Dec 29 20:13:40 2011] Ouverture du programme
[Thu Dec 29 20:14:07 2011] Ouverture du programme
[Thu Dec 29 20:15:42 2011] Ouverture du programme
[Thu Dec 29 20:16:58 2011] Ouverture du programme
[Thu Dec 29 20:18:47 2011] Ouverture du programme
[Thu Dec 29 20:20:21 2011] Ouverture du programme
[Thu Dec 29 20:21:21 2011] Ouverture du programme
[Thu Dec 29 20:22:20 2011] Ouverture du programme
[Thu Dec 29 20:23:21 2011] Ouverture du programme
[Thu Dec 29 20:23:49 2011] Ouverture du programme
[Thu Dec 29 20:24:31 2011] Ouverture du programme
[Thu Dec 29 20:25:11 2011] Ouverture du programme
[Thu Dec 29 20:28:53 2011] Ouverture du programme
[Thu Dec 29 20:30:02 2011] Ouverture du programme
[Thu Dec 29 20:31:21 2011] Ouverture du programme
[Thu Dec 29 20:33:05 2011] Ouverture du programme
[Thu Dec 29 20:35:26 2011] Ouverture du programme
[Thu Dec 29 20:54:14 2011] Ouverture du programme
[Thu Dec 29 21:00:57 2011] Ouverture du programme
[Thu Dec 29 21:03:33 2011] Ouverture du programme
[Thu Dec 29 21:04:03 2011] Ouverture du programme
[Thu Dec 29 21:04:59 2011] Ouverture du programme
[Thu Dec 29 21:06:00 2011] Ouverture du programme
[Thu Dec 29 21:06:36 2011] Ouverture du programme
[Thu Dec 29 21:07:37 2011] Ouverture du programme
[Thu Dec 29 21:07:49 2011] Ouverture du programme
[Thu Dec 29 21:09:03 2011] Ouverture du programme
[Thu Dec 29 21:13:32 2011] Ouverture du programme
[Thu Dec 29 21:14:42 2011] Ouverture du programme
[Thu Dec 29 21:22:19 2011] Ouverture du programme
[Thu Dec 29 21:23:02 2011] Ouverture du programme
[Thu Dec 29 21:23:51 2011] Ouverture du programme
[Thu Dec 29 21:28:01 2011] Ouverture du programme
[Thu Dec 29 21:28:47 2011] Ouverture du programme
[Thu Dec 29 21:31:44 2011] Ouverture du programme
[Thu Dec 29 21:32:20 2011] Ouverture du programme
[Thu Dec 29 21:32:56 2011] Ouverture du programme
[Thu Dec 29 21:34:33 2011] Ouverture du programme
[Thu Dec 29 21:36:57 2011] Ouverture du programme
[Thu Dec 29 21:39:27 2011] Ouverture du programme
[Thu Dec 29 21:39:54 2011] Ouverture du programme
[Thu Dec 29 21:42:18 2011] Ouverture du programme
[Thu Dec 29 21:42:37 2011] Ouverture du programme
[Thu Dec 29 21:44:19 2011] Ouverture du programme
[Thu Dec 29 21:46:03 2011] Fermeture du programme
[Thu Dec 29 21:46:48 2011] Ouverture du programme
[Thu Dec 29 21:47:35 2011] Fermeture du programme
[Thu Dec 29 21:49:20 2011] Ouverture du programme
[Thu Dec 29 21:51:28 2011] Fermeture du programme
[Sun Jan  1 12:09:18 2012] Ouverture du programme
[Sun Jan  1 12:09:29 2012] Fermeture du programme
[Sun Jan  1 12:10:09 2012] Ouverture du programme
[Sun Jan  1 12:15:28 2012] Fermeture du programme
[Sun Jan  1 12:15:39 2012] Ouverture du programme
[Sun Jan  1 12:22:27 2012] Fermeture du programme
[Sun Jan  1 12:27:23 2012] Ouverture du programme
[Sun Jan  1 12:28:25 2012] Fermeture du programme
[Sun Jan  1 12:28:30 2012] Ouverture du programme
[Sun Jan  1 12:30:05 2012] Fermeture du programme
[Sun Jan  1 12:31:11 2012] Ouverture du programme
[Sun Jan  1 12:31:22 2012] Fermeture du programme
[Sun Jan  1 12:33:29 2012] Ouverture du programme
[Sun Jan  1 12:33:45 2012] Fermeture du programme
[Sun Jan  1 12:47:06 2012] Ouverture du programme
[Sun Jan  1 12:50:47 2012] Fermeture du programme
[Sun Jan  1 12:51:29 2012] Ouverture du programme
[Sun Jan  1 12:52:34 2012] Ouverture du programme
[Sun Jan  1 13:01:24 2012] Fermeture du programme
[Sun Jan  1 13:34:01 2012] Ouverture du programme
[Sun Jan  1 13:35:14 2012] Ouverture du programme
[Sun Jan  1 13:35:40 2012] Fermeture du programme
[Sun Jan  1 13:36:03 2012] Ouverture du programme
[Sun Jan  1 13:37:05 2012] Fermeture du programme
[Sun Jan  1 14:23:00 2012] Ouverture du programme
[Sun Jan  1 14:24:00 2012] Fermeture du programme
[Sun Jan  1 14:24:32 2012] Ouverture du programme
[Sun Jan  1 14:49:37 2012] Fermeture du programme
[Sun Jan  1 16:00:29 2012] Ouverture du programme
[Sun Jan  1 16:03:02 2012] Ouverture du programme
[Sun Jan  1 16:10:04 2012] Fermeture du programme
[Sun Jan  1 16:11:05 2012] Ouverture du programme
[Sun Jan  1 16:17:33 2012] Ouverture du programme
[Sun Jan  1 16:22:01 2012] Fermeture du programme
[Sun Jan  1 16:22:25 2012] Ouverture du programme
[Sun Jan  1 16:23:35 2012] Fermeture du programme
[Sun Jan  1 16:23:52 2012] Ouverture du programme
[Sun Jan  1 16:32:29 2012] Ouverture du programme
[Sun Jan  1 16:34:29 2012] Fermeture du programme
[Sun Jan  1 21:29:49 2012] Ouverture du programme
[Sun Jan  1 21:30:51 2012] Fermeture du programme
[Sun Jan  1 21:31:37 2012] Ouverture du programme
[Sun Jan  1 21:33:09 2012] Ouverture du programme
[Sun Jan  1 21:33:43 2012] Fermeture du programme
[Sun Jan  1 21:35:26 2012] Ouverture du programme
[Sun Jan  1 21:35:27 2012] Fermeture du programme
[Sun Jan  1 23:53:24 2012] Ouverture du programme
[Sun Jan  1 23:53:43 2012] Fermeture du programme
[Sun Jan  1 23:55:12 2012] Ouverture du programme
[Sun Jan  1 23:56:51 2012] Fermeture du programme
[Sun Jan  1 23:56:53 2012] Ouverture du programme
[Sun Jan  1 23:58:12 2012] Fermeture du programme
[Mon Jan  2 00:02:17 2012] Ouverture du programme
[Mon Jan  2 00:03:14 2012] Fermeture du programme
[Mon Jan  2 00:04:20 2012] Ouverture du programme
[Mon Jan  2 00:20:10 2012] Fermeture du programme
[Mon Jan  2 00:20:13 2012] Ouverture du programme
[Mon Jan  2 00:21:25 2012] Fermeture du programme
[Mon Jan  2 00:21:53 2012] Ouverture du programme
[Mon Jan  2 00:22:23 2012] Fermeture du programme
[Mon Jan  2 00:35:51 2012] Ouverture du programme
[Mon Jan  3 00:39:12 2011] Fermeture du programme
[Mon Jan  3 00:40:12 2011] Ouverture du programme
[Mon Jan  3 00:40:14 2011] Fermeture du programme
[Mon Jan  3 00:40:16 2011] Ouverture du programme
[Mon Jan  3 00:40:58 2011] Fermeture du programme
[Mon Jan  2 00:41:36 2012] Ouverture du programme
[Mon Jan  2 00:44:12 2012] Ouverture du programme
[Mon Jan  2 00:44:54 2012] Fermeture du programme
[Mon Jan  2 00:45:35 2012] Ouverture du programme
[Mon Jan  2 00:53:15 2012] Fermeture du programme
[Mon Jan  2 00:55:22 2012] Ouverture du programme
[Mon Jan  2 00:56:36 2012] Fermeture du programme
[Mon Jan  2 00:56:37 2012] Ouverture du programme
[Mon Jan  2 00:56:39 2012] Fermeture du programme
[Mon Jan  2 00:56:47 2012] Ouverture du programme
[Mon Jan  2 00:56:49 2012] Fermeture du programme
[Mon Jan  2 00:56:59 2012] Ouverture du programme
[Mon Jan  2 00:59:51 2012] Fermeture du programme
[Mon Jan  2 01:00:25 2012] Ouverture du programme
[Mon Jan  2 01:01:47 2012] Fermeture du programme
[Mon Jan  2 01:01:51 2012] Ouverture du programme
[Mon Jan  2 01:02:14 2012] Fermeture du programme
[Mon Jan  2 01:02:20 2012] Ouverture du programme
[Mon Jan  2 01:06:21 2012] Fermeture du programme
[Mon Jan  2 01:19:43 2012] Ouverture du programme
[Mon Jan  2 01:22:02 2012] Fermeture du programme
[Mon Jan  2 01:24:13 2012] Ouverture du programme
[Mon Jan  2 01:27:41 2012] Fermeture du programme
[Mon Jan  2 01:37:25 2012] Ouverture du programme
[Mon Jan  2 01:38:15 2012] Fermeture du programme
[Mon Jan  2 03:15:13 2012] Ouverture du programme
[Mon Jan  2 03:15:39 2012] Fermeture du programme
